{"contracts/basicDutchAutcion.sol":{"l":{"31":9,"33":9,"35":9,"37":9,"39":9,"44":9,"46":9,"47":9,"55":4,"58":4,"62":4,"66":3,"67":2,"69":2,"70":2,"72":2,"74":2,"77":0,"78":0,"81":0,"85":0,"88":0},"path":"/Users/ruthwiksoudry/Downloads/info_7500_assignments-main/v6.000/contracts/basicDutchAutcion.sol","s":{"1":4,"2":4,"3":4,"4":3,"5":2,"6":2,"7":2,"8":0,"9":0,"10":0,"11":0,"12":0},"b":{"1":[4,0],"2":[3,1],"3":[2,1],"4":[2,0],"5":[0,0]},"f":{"1":9,"2":4,"3":0,"4":0},"fnMap":{"1":{"name":"constructor","line":25,"loc":{"start":{"line":25,"column":4},"end":{"line":48,"column":4}}},"2":{"name":"bid","line":53,"loc":{"start":{"line":53,"column":4},"end":{"line":75,"column":4}}},"3":{"name":"auction_open","line":76,"loc":{"start":{"line":76,"column":4},"end":{"line":83,"column":4}}},"4":{"name":"get_current_price","line":84,"loc":{"start":{"line":84,"column":4},"end":{"line":89,"column":4}}}},"statementMap":{"1":{"start":{"line":55,"column":8},"end":{"line":55,"column":77}},"2":{"start":{"line":58,"column":8},"end":{"line":58,"column":2051}},"3":{"start":{"line":62,"column":8},"end":{"line":62,"column":2265}},"4":{"start":{"line":66,"column":8},"end":{"line":66,"column":97}},"5":{"start":{"line":67,"column":8},"end":{"line":67,"column":74}},"6":{"start":{"line":72,"column":8},"end":{"line":72,"column":42}},"7":{"start":{"line":74,"column":8},"end":{"line":74,"column":21}},"8":{"start":{"line":77,"column":8},"end":{"line":77,"column":2849}},"9":{"start":{"line":78,"column":12},"end":{"line":78,"column":23}},"10":{"start":{"line":81,"column":12},"end":{"line":81,"column":24}},"11":{"start":{"line":85,"column":8},"end":{"line":85,"column":3071}},"12":{"start":{"line":88,"column":8},"end":{"line":88,"column":30}}},"branchMap":{"1":{"line":55,"type":"if","locations":[{"start":{"line":55,"column":8},"end":{"line":55,"column":8}},{"start":{"line":55,"column":8},"end":{"line":55,"column":8}}]},"2":{"line":62,"type":"if","locations":[{"start":{"line":62,"column":8},"end":{"line":62,"column":8}},{"start":{"line":62,"column":8},"end":{"line":62,"column":8}}]},"3":{"line":66,"type":"if","locations":[{"start":{"line":66,"column":8},"end":{"line":66,"column":8}},{"start":{"line":66,"column":8},"end":{"line":66,"column":8}}]},"4":{"line":67,"type":"if","locations":[{"start":{"line":67,"column":8},"end":{"line":67,"column":8}},{"start":{"line":67,"column":8},"end":{"line":67,"column":8}}]},"5":{"line":77,"type":"if","locations":[{"start":{"line":77,"column":8},"end":{"line":77,"column":8}},{"start":{"line":77,"column":8},"end":{"line":77,"column":8}}]}}}}